hiya
hiya
hiya
hiya
hiya
An exception occurred
Traceback (most recent call last):
  File "C:/Users/saram/PycharmProjects/tkinter_testing/tkinter_test.py", line 104, in <module>
    main()
  File "C:/Users/saram/PycharmProjects/tkinter_testing/tkinter_test.py", line 99, in main
    t.test_stuff()
  File "C:/Users/saram/PycharmProjects/tkinter_testing/tkinter_test.py", line 36, in test_stuff
    raise Exception("Hige problemo")
Exception: Hige problemo
[CRITICAL ERROR]: Hige problemo. See bioinformatics team for support [CRITICAL ERROR]


****[ERROR] PDF AND XML FILE HAVE NOT BEEN CORRECTLY GENERATED [ERROR]****
hiya
hiya
hiya
hiya
hiya
hiya
hiya
hiya
hiya
hiya
hiya
hiya
